%!Adobe-FontList 1.19
%Locale:0x409

%BeginFont
Handler:DirectoryHandler
FontType:Type1
FontName:HelveticaNeueLTStd-Lt
FamilyName:Helvetica Neue LT Std
StyleName:45 Light
FullName:Helvetica Neue LT Std 45 Light
MenuName:HelveticaNeueLT Std Lt
StyleBits:0
WritingScript:Roman
OutlineFileName:U:\BillSynnot_KnowledgeBase\Handover_Document Folder\Document fonts\HelveticaNeueLTStd-Lt.otf
DataFormat:sfntData
UsesStandardEncoding:yes
isCFF:yes
hasSVG:no
VariableFontType:NonVariableFont
FileLength:28120
FileModTime:1337582112
WeightClass:300
WidthClass:5
AngleClass:0
NameArray:0,Mac,18,HelveticaNeueLT Std Lt
NameArray:0,Mac,4,Helvetica Neue LT Std 45 Light
NameArray:0,Win,1,HelveticaNeueLT Std Lt
NameArray:0,Win,16,Helvetica Neue LT Std
%EndFont

%BeginFont
Handler:DirectoryHandler
FontType:Type1
FontName:HelveticaNeueLTStd-Md
FamilyName:Helvetica Neue LT Std
StyleName:65 Medium
FullName:Helvetica Neue LT Std 65 Medium
MenuName:HelveticaNeueLT Std Med
StyleBits:0
WritingScript:Roman
OutlineFileName:U:\BillSynnot_KnowledgeBase\Handover_Document Folder\Document fonts\HelveticaNeueLTStd-Md.otf
DataFormat:sfntData
UsesStandardEncoding:yes
isCFF:yes
hasSVG:no
VariableFontType:NonVariableFont
FileLength:28260
FileModTime:1337582106
WeightClass:500
WidthClass:5
AngleClass:0
NameArray:0,Mac,18,HelveticaNeueLT Std Med
NameArray:0,Mac,4,Helvetica Neue LT Std 65 Medium
NameArray:0,Win,1,HelveticaNeueLT Std Med
NameArray:0,Win,16,Helvetica Neue LT Std
%EndFont

%BeginFont
Handler:DirectoryHandler
FontType:Type1
FontName:HelveticaNeueLTStd-Roman
FamilyName:Helvetica Neue LT Std
StyleName:55 Roman
FullName:Helvetica Neue LT Std 55 Roman
MenuName:HelveticaNeueLT Std
StyleBits:0
WritingScript:Roman
OutlineFileName:U:\BillSynnot_KnowledgeBase\Handover_Document Folder\Document fonts\HelveticaNeueLTStd-Roman.otf
DataFormat:sfntData
UsesStandardEncoding:yes
isCFF:yes
hasSVG:no
VariableFontType:NonVariableFont
FileLength:27476
FileModTime:1337582100
WeightClass:400
WidthClass:5
AngleClass:0
NameArray:0,Mac,18,HelveticaNeueLT Std
NameArray:0,Mac,4,Helvetica Neue LT Std 55 Roman
NameArray:0,Win,1,HelveticaNeueLT Std
NameArray:0,Win,16,Helvetica Neue LT Std
%EndFont

%BeginFont
Handler:DirectoryHandler
FontType:Type1
FontName:HelveticaNeueLTStd-Th
FamilyName:Helvetica Neue LT Std
StyleName:35 Thin
FullName:Helvetica Neue LT Std 35 Thin
MenuName:HelveticaNeueLT Std Thin
StyleBits:0
WritingScript:Roman
OutlineFileName:U:\BillSynnot_KnowledgeBase\Handover_Document Folder\Document fonts\HelveticaNeueLTStd-Th.otf
DataFormat:sfntData
UsesStandardEncoding:yes
isCFF:yes
hasSVG:no
VariableFontType:NonVariableFont
FileLength:28124
FileModTime:1337582108
WeightClass:250
WidthClass:5
AngleClass:0
NameArray:0,Mac,18,HelveticaNeueLT Std Thin
NameArray:0,Mac,4,Helvetica Neue LT Std 35 Thin
NameArray:0,Win,1,HelveticaNeueLT Std Thin
NameArray:0,Win,16,Helvetica Neue LT Std
%EndFont

%BeginFont
Handler:DirectoryHandler
FontType:Type1
FontName:HelveticaNeueLTStd-ThIt
FamilyName:Helvetica Neue LT Std
StyleName:36 Thin Italic
FullName:Helvetica Neue LT Std 36 Thin Italic
MenuName:HelveticaNeueLT Std Thin
StyleBits:1
WritingScript:Roman
OutlineFileName:U:\BillSynnot_KnowledgeBase\Handover_Document Folder\Document fonts\HelveticaNeueLTStd-ThIt.otf
DataFormat:sfntData
UsesStandardEncoding:yes
isCFF:yes
hasSVG:no
VariableFontType:NonVariableFont
FileLength:28772
FileModTime:1337582110
WeightClass:250
WidthClass:5
AngleClass:1
NameArray:0,Mac,18,HelveticaNeueLT Std Thin Italic
NameArray:0,Mac,4,Helvetica Neue LT Std 36 Thin Italic
NameArray:0,Win,1,HelveticaNeueLT Std Thin
NameArray:0,Win,16,Helvetica Neue LT Std
%EndFont

%BeginFont
Handler:DirectoryHandler
FontType:Type1
FontName:HelveticaNeueLTStd-UltLt
FamilyName:Helvetica Neue LT Std
StyleName:25 Ultra Light
FullName:Helvetica Neue LT Std 25 Ultra Light
MenuName:HelveticaNeueLT Std UltLt
StyleBits:0
WritingScript:Roman
OutlineFileName:U:\BillSynnot_KnowledgeBase\Handover_Document Folder\Document fonts\HelveticaNeueLTStd-UltLt.otf
DataFormat:sfntData
UsesStandardEncoding:yes
isCFF:yes
hasSVG:no
VariableFontType:NonVariableFont
FileLength:27684
FileModTime:1337582110
WeightClass:275
WidthClass:5
AngleClass:0
NameArray:0,Mac,18,HelveticaNeueLT Std UltLt
NameArray:0,Mac,4,Helvetica Neue LT Std 25 Ultra Light
NameArray:0,Win,1,HelveticaNeueLT Std UltLt
NameArray:0,Win,16,Helvetica Neue LT Std
%EndFont

%BeginFont
Handler:DirectoryHandler
FontType:Type1
FontName:HelveticaNeueLTStd-UltLtIt
FamilyName:Helvetica Neue LT Std
StyleName:26 Ultra Light Italic
FullName:Helvetica Neue LT Std 26 Ultra Light Italic
MenuName:HelveticaNeueLT Std UltLt
StyleBits:1
WritingScript:Roman
OutlineFileName:U:\BillSynnot_KnowledgeBase\Handover_Document Folder\Document fonts\HelveticaNeueLTStd-UltLtIt.otf
DataFormat:sfntData
UsesStandardEncoding:yes
isCFF:yes
hasSVG:no
VariableFontType:NonVariableFont
FileLength:28688
FileModTime:1337582100
WeightClass:275
WidthClass:5
AngleClass:1
NameArray:0,Mac,18,HelveticaNeueLT Std UltLt Ital
NameArray:0,Mac,4,Helvetica Neue LT Std 26 Ultra Light Italic
NameArray:0,Win,1,HelveticaNeueLT Std UltLt
NameArray:0,Win,16,Helvetica Neue LT Std
%EndFont

